<?xml version="1.0" encoding="UTF-8"?>
<testsuite xmlns:xsi="http://www.w3.org/2001/XMLSchema-instance" xsi:noNamespaceSchemaLocation="https://maven.apache.org/surefire/maven-surefire-plugin/xsd/surefire-test-report-3.0.xsd" version="3.0" name="TestSuite" time="13.382" tests="39" errors="0" skipped="0" failures="5">
  <properties>
    <property name="java.specification.version" value="17"/>
    <property name="sun.cpu.isalist" value="amd64"/>
    <property name="sun.jnu.encoding" value="Cp1252"/>
    <property name="java.class.path" value="C:\Users\Prasanth M\eclipse-workspace\RestAssured_APITesting_Framework\target\test-classes;C:\Users\Prasanth M\eclipse-workspace\RestAssured_APITesting_Framework\target\classes;C:\Users\Prasanth M\.m2\repository\io\rest-assured\rest-assured\5.2.0\rest-assured-5.2.0.jar;C:\Users\Prasanth M\.m2\repository\org\apache\groovy\groovy\4.0.1\groovy-4.0.1.jar;C:\Users\Prasanth M\.m2\repository\org\apache\groovy\groovy-xml\4.0.1\groovy-xml-4.0.1.jar;C:\Users\Prasanth M\.m2\repository\org\apache\httpcomponents\httpclient\4.5.13\httpclient-4.5.13.jar;C:\Users\Prasanth M\.m2\repository\org\apache\httpcomponents\httpcore\4.4.13\httpcore-4.4.13.jar;C:\Users\Prasanth M\.m2\repository\commons-logging\commons-logging\1.2\commons-logging-1.2.jar;C:\Users\Prasanth M\.m2\repository\org\apache\httpcomponents\httpmime\4.5.13\httpmime-4.5.13.jar;C:\Users\Prasanth M\.m2\repository\org\hamcrest\hamcrest\2.1\hamcrest-2.1.jar;C:\Users\Prasanth M\.m2\repository\org\ccil\cowan\tagsoup\tagsoup\1.2.1\tagsoup-1.2.1.jar;C:\Users\Prasanth M\.m2\repository\io\rest-assured\json-path\5.2.0\json-path-5.2.0.jar;C:\Users\Prasanth M\.m2\repository\org\apache\groovy\groovy-json\4.0.1\groovy-json-4.0.1.jar;C:\Users\Prasanth M\.m2\repository\io\rest-assured\rest-assured-common\5.2.0\rest-assured-common-5.2.0.jar;C:\Users\Prasanth M\.m2\repository\io\rest-assured\xml-path\5.2.0\xml-path-5.2.0.jar;C:\Users\Prasanth M\.m2\repository\org\apache\commons\commons-lang3\3.11\commons-lang3-3.11.jar;C:\Users\Prasanth M\.m2\repository\org\testng\testng\7.6.1\testng-7.6.1.jar;C:\Users\Prasanth M\.m2\repository\com\google\code\findbugs\jsr305\3.0.2\jsr305-3.0.2.jar;C:\Users\Prasanth M\.m2\repository\org\slf4j\slf4j-api\1.7.36\slf4j-api-1.7.36.jar;C:\Users\Prasanth M\.m2\repository\com\beust\jcommander\1.82\jcommander-1.82.jar;C:\Users\Prasanth M\.m2\repository\org\webjars\jquery\3.6.0\jquery-3.6.0.jar;C:\Users\Prasanth M\.m2\repository\com\googlecode\json-simple\json-simple\1.1.1\json-simple-1.1.1.jar;C:\Users\Prasanth M\.m2\repository\junit\junit\4.10\junit-4.10.jar;C:\Users\Prasanth M\.m2\repository\org\hamcrest\hamcrest-core\1.1\hamcrest-core-1.1.jar;C:\Users\Prasanth M\.m2\repository\org\apache\poi\poi\5.2.3\poi-5.2.3.jar;C:\Users\Prasanth M\.m2\repository\commons-codec\commons-codec\1.15\commons-codec-1.15.jar;C:\Users\Prasanth M\.m2\repository\org\apache\commons\commons-collections4\4.4\commons-collections4-4.4.jar;C:\Users\Prasanth M\.m2\repository\org\apache\commons\commons-math3\3.6.1\commons-math3-3.6.1.jar;C:\Users\Prasanth M\.m2\repository\commons-io\commons-io\2.11.0\commons-io-2.11.0.jar;C:\Users\Prasanth M\.m2\repository\com\zaxxer\SparseBitSet\1.2\SparseBitSet-1.2.jar;C:\Users\Prasanth M\.m2\repository\org\apache\logging\log4j\log4j-api\2.18.0\log4j-api-2.18.0.jar;C:\Users\Prasanth M\.m2\repository\org\apache\poi\poi-ooxml\5.2.3\poi-ooxml-5.2.3.jar;C:\Users\Prasanth M\.m2\repository\org\apache\poi\poi-ooxml-lite\5.2.3\poi-ooxml-lite-5.2.3.jar;C:\Users\Prasanth M\.m2\repository\org\apache\xmlbeans\xmlbeans\5.1.1\xmlbeans-5.1.1.jar;C:\Users\Prasanth M\.m2\repository\org\apache\commons\commons-compress\1.21\commons-compress-1.21.jar;C:\Users\Prasanth M\.m2\repository\com\github\virtuald\curvesapi\1.07\curvesapi-1.07.jar;C:\Users\Prasanth M\.m2\repository\com\aventstack\extentreports\5.0.9\extentreports-5.0.9.jar;C:\Users\Prasanth M\.m2\repository\io\reactivex\rxjava3\rxjava\3.0.4\rxjava-3.0.4.jar;C:\Users\Prasanth M\.m2\repository\org\reactivestreams\reactive-streams\1.0.3\reactive-streams-1.0.3.jar;C:\Users\Prasanth M\.m2\repository\org\freemarker\freemarker\2.3.30\freemarker-2.3.30.jar;C:\Users\Prasanth M\.m2\repository\com\google\code\gson\gson\2.8.6\gson-2.8.6.jar;C:\Users\Prasanth M\.m2\repository\log4j\log4j\1.2.17\log4j-1.2.17.jar;C:\Users\Prasanth M\.m2\repository\org\projectlombok\lombok\1.18.22\lombok-1.18.22.jar;"/>
    <property name="java.vm.vendor" value="Oracle Corporation"/>
    <property name="sun.arch.data.model" value="64"/>
    <property name="user.variant" value=""/>
    <property name="java.vendor.url" value="https://java.oracle.com/"/>
    <property name="user.timezone" value="Asia/Calcutta"/>
    <property name="os.name" value="Windows 11"/>
    <property name="java.vm.specification.version" value="17"/>
    <property name="sun.java.launcher" value="SUN_STANDARD"/>
    <property name="user.country" value="IN"/>
    <property name="sun.boot.library.path" value="C:\Program Files\Java\jdk-17.0.4.1\bin"/>
    <property name="sun.java.command" value="C:\Users\Prasanth M\AppData\Local\Temp\surefire13969637983201998390\surefirebooter-20221128195547299_3.jar C:\Users\Prasanth M\AppData\Local\Temp\surefire13969637983201998390 2022-11-28T19-55-47_032-jvmRun1 surefire-20221128195547299_1tmp surefire_0-20221128195547299_2tmp"/>
    <property name="jdk.debug" value="release"/>
    <property name="surefire.test.class.path" value="C:\Users\Prasanth M\eclipse-workspace\RestAssured_APITesting_Framework\target\test-classes;C:\Users\Prasanth M\eclipse-workspace\RestAssured_APITesting_Framework\target\classes;C:\Users\Prasanth M\.m2\repository\io\rest-assured\rest-assured\5.2.0\rest-assured-5.2.0.jar;C:\Users\Prasanth M\.m2\repository\org\apache\groovy\groovy\4.0.1\groovy-4.0.1.jar;C:\Users\Prasanth M\.m2\repository\org\apache\groovy\groovy-xml\4.0.1\groovy-xml-4.0.1.jar;C:\Users\Prasanth M\.m2\repository\org\apache\httpcomponents\httpclient\4.5.13\httpclient-4.5.13.jar;C:\Users\Prasanth M\.m2\repository\org\apache\httpcomponents\httpcore\4.4.13\httpcore-4.4.13.jar;C:\Users\Prasanth M\.m2\repository\commons-logging\commons-logging\1.2\commons-logging-1.2.jar;C:\Users\Prasanth M\.m2\repository\org\apache\httpcomponents\httpmime\4.5.13\httpmime-4.5.13.jar;C:\Users\Prasanth M\.m2\repository\org\hamcrest\hamcrest\2.1\hamcrest-2.1.jar;C:\Users\Prasanth M\.m2\repository\org\ccil\cowan\tagsoup\tagsoup\1.2.1\tagsoup-1.2.1.jar;C:\Users\Prasanth M\.m2\repository\io\rest-assured\json-path\5.2.0\json-path-5.2.0.jar;C:\Users\Prasanth M\.m2\repository\org\apache\groovy\groovy-json\4.0.1\groovy-json-4.0.1.jar;C:\Users\Prasanth M\.m2\repository\io\rest-assured\rest-assured-common\5.2.0\rest-assured-common-5.2.0.jar;C:\Users\Prasanth M\.m2\repository\io\rest-assured\xml-path\5.2.0\xml-path-5.2.0.jar;C:\Users\Prasanth M\.m2\repository\org\apache\commons\commons-lang3\3.11\commons-lang3-3.11.jar;C:\Users\Prasanth M\.m2\repository\org\testng\testng\7.6.1\testng-7.6.1.jar;C:\Users\Prasanth M\.m2\repository\com\google\code\findbugs\jsr305\3.0.2\jsr305-3.0.2.jar;C:\Users\Prasanth M\.m2\repository\org\slf4j\slf4j-api\1.7.36\slf4j-api-1.7.36.jar;C:\Users\Prasanth M\.m2\repository\com\beust\jcommander\1.82\jcommander-1.82.jar;C:\Users\Prasanth M\.m2\repository\org\webjars\jquery\3.6.0\jquery-3.6.0.jar;C:\Users\Prasanth M\.m2\repository\com\googlecode\json-simple\json-simple\1.1.1\json-simple-1.1.1.jar;C:\Users\Prasanth M\.m2\repository\junit\junit\4.10\junit-4.10.jar;C:\Users\Prasanth M\.m2\repository\org\hamcrest\hamcrest-core\1.1\hamcrest-core-1.1.jar;C:\Users\Prasanth M\.m2\repository\org\apache\poi\poi\5.2.3\poi-5.2.3.jar;C:\Users\Prasanth M\.m2\repository\commons-codec\commons-codec\1.15\commons-codec-1.15.jar;C:\Users\Prasanth M\.m2\repository\org\apache\commons\commons-collections4\4.4\commons-collections4-4.4.jar;C:\Users\Prasanth M\.m2\repository\org\apache\commons\commons-math3\3.6.1\commons-math3-3.6.1.jar;C:\Users\Prasanth M\.m2\repository\commons-io\commons-io\2.11.0\commons-io-2.11.0.jar;C:\Users\Prasanth M\.m2\repository\com\zaxxer\SparseBitSet\1.2\SparseBitSet-1.2.jar;C:\Users\Prasanth M\.m2\repository\org\apache\logging\log4j\log4j-api\2.18.0\log4j-api-2.18.0.jar;C:\Users\Prasanth M\.m2\repository\org\apache\poi\poi-ooxml\5.2.3\poi-ooxml-5.2.3.jar;C:\Users\Prasanth M\.m2\repository\org\apache\poi\poi-ooxml-lite\5.2.3\poi-ooxml-lite-5.2.3.jar;C:\Users\Prasanth M\.m2\repository\org\apache\xmlbeans\xmlbeans\5.1.1\xmlbeans-5.1.1.jar;C:\Users\Prasanth M\.m2\repository\org\apache\commons\commons-compress\1.21\commons-compress-1.21.jar;C:\Users\Prasanth M\.m2\repository\com\github\virtuald\curvesapi\1.07\curvesapi-1.07.jar;C:\Users\Prasanth M\.m2\repository\com\aventstack\extentreports\5.0.9\extentreports-5.0.9.jar;C:\Users\Prasanth M\.m2\repository\io\reactivex\rxjava3\rxjava\3.0.4\rxjava-3.0.4.jar;C:\Users\Prasanth M\.m2\repository\org\reactivestreams\reactive-streams\1.0.3\reactive-streams-1.0.3.jar;C:\Users\Prasanth M\.m2\repository\org\freemarker\freemarker\2.3.30\freemarker-2.3.30.jar;C:\Users\Prasanth M\.m2\repository\com\google\code\gson\gson\2.8.6\gson-2.8.6.jar;C:\Users\Prasanth M\.m2\repository\log4j\log4j\1.2.17\log4j-1.2.17.jar;C:\Users\Prasanth M\.m2\repository\org\projectlombok\lombok\1.18.22\lombok-1.18.22.jar;"/>
    <property name="sun.cpu.endian" value="little"/>
    <property name="user.home" value="C:\Users\Prasanth M"/>
    <property name="user.language" value="en"/>
    <property name="java.specification.vendor" value="Oracle Corporation"/>
    <property name="java.version.date" value="2022-08-18"/>
    <property name="java.home" value="C:\Program Files\Java\jdk-17.0.4.1"/>
    <property name="file.separator" value="\"/>
    <property name="basedir" value="C:\Users\Prasanth M\eclipse-workspace\RestAssured_APITesting_Framework"/>
    <property name="java.vm.compressedOopsMode" value="Zero based"/>
    <property name="line.separator" value="&#10;"/>
    <property name="java.vm.specification.vendor" value="Oracle Corporation"/>
    <property name="java.specification.name" value="Java Platform API Specification"/>
    <property name="surefire.real.class.path" value="C:\Users\Prasanth M\AppData\Local\Temp\surefire13969637983201998390\surefirebooter-20221128195547299_3.jar"/>
    <property name="user.script" value=""/>
    <property name="sun.management.compiler" value="HotSpot 64-Bit Tiered Compilers"/>
    <property name="java.runtime.version" value="17.0.4.1+1-LTS-2"/>
    <property name="user.name" value="Prasanth M"/>
    <property name="path.separator" value=";"/>
    <property name="os.version" value="10.0"/>
    <property name="java.runtime.name" value="Java(TM) SE Runtime Environment"/>
    <property name="file.encoding" value="Cp1252"/>
    <property name="java.vm.name" value="Java HotSpot(TM) 64-Bit Server VM"/>
    <property name="localRepository" value="C:\Users\Prasanth M\.m2\repository"/>
    <property name="java.vendor.url.bug" value="https://bugreport.java.com/bugreport/"/>
    <property name="java.io.tmpdir" value="C:\Users\PRASAN~1\AppData\Local\Temp\"/>
    <property name="java.version" value="17.0.4.1"/>
    <property name="user.dir" value="C:\Users\Prasanth M\eclipse-workspace\RestAssured_APITesting_Framework"/>
    <property name="os.arch" value="amd64"/>
    <property name="java.vm.specification.name" value="Java Virtual Machine Specification"/>
    <property name="sun.os.patch.level" value=""/>
    <property name="native.encoding" value="Cp1252"/>
    <property name="java.library.path" value="C:\Program Files\Java\jdk-17.0.4.1\bin;C:\WINDOWS\Sun\Java\bin;C:\WINDOWS\system32;C:\WINDOWS;C:\Program Files\Common Files\Oracle\Java\javapath;C:\WINDOWS\system32;C:\WINDOWS;C:\WINDOWS\System32\Wbem;C:\WINDOWS\System32\WindowsPowerShell\v1.0\;C:\WINDOWS\System32\OpenSSH\;C:\Program Files\nodejs\;C:\Program Files\Java\jdk-17.0.4.1;%ANDROID_HOME%;%ANDROID_HOME%\tools\;%ANDROID_HOME%\platform-tools\;C:\Users\Prasanth M\AppData\Local\Android\Sdk\platform-tools\;C:\Users\Prasanth M\AppData\Local\Android\Sdk\tools\;C:\Program Files\Java\jdk-17.0.4.1\bin;C:\Users\Prasanth M\AppData\Local\Android\Sdk\emulator\emulator;%ANDROID_HOME%\bin;C:\Users\Prasanth M\AppData\Local\Android\Sdk\emulator;C:\Program Files\Maven\apache-maven-3.8.6\bin;C:\Program Files\Maven\apache-maven-3.8.6\bin;C:\Program Files\Maven\apache-maven-3.8.6;C:\Program Files\Maven\apache-maven-3.8.6;C:\Program Files\Git\bin;C:\Users\Prasanth M\AppData\Roaming\npm\node_modules\newman;C:\Users\Prasanth M\AppData\Roaming\npm;C:\Program Files\Common Files\Oracle\Java\javapath;C:\WINDOWS\system32;C:\WINDOWS;C:\WINDOWS\System32\Wbem;C:\WINDOWS\System32\WindowsPowerShell\v1.0\;C:\WINDOWS\System32\OpenSSH\;C:\Program Files\nodejs\;C:\Program Files\Java\jdk-17.0.4.1;C:\Users\Prasanth M\AppData\Local\Android\Sdk;C:\Users\Prasanth M\AppData\Local\Android\Sdk\tools\;C:\Users\Prasanth M\AppData\Local\Android\Sdk\platform-tools\;C:\Users\Prasanth M\AppData\Local\Android\Sdk\platform-tools;C:\Users\Prasanth M\AppData\Local\Android\Sdk\tools;C:\Users\Prasanth M\AppData\Local\Programs\Microsoft VS Code\bin;C:\Users\Prasanth M\AppData\Local\Android\Sdk\cmdline-tools\tools\bin;C:\Program Files\Java\jdk-17.0.4.1\bin;C:\Users\Prasanth M\AppData\Local\Android\Sdk\emulator\emulator;C:\Users\Prasanth M\AppData\Local\Android\Sdk\platform-tools;C:\Users\Prasanth M\AppData\Local\Android\Sdk\emulator;C:\Program Files\Maven\apache-maven-3.8.6\bin;C:\Program Files\Git\bin;C:\Users\Prasanth M\AppData\Local\Microsoft\WindowsApps;C:\Users\Prasanth M\AppData\Roaming\npm\node_modules\newman;C:\Users\Prasanth M\AppData\Roaming\npm;;."/>
    <property name="java.vm.info" value="mixed mode, sharing"/>
    <property name="java.vendor" value="Oracle Corporation"/>
    <property name="java.vm.version" value="17.0.4.1+1-LTS-2"/>
    <property name="sun.io.unicode.encoding" value="UnicodeLittle"/>
    <property name="java.class.version" value="61.0"/>
  </properties>
  <testcase name="checkResponsebody" classname="com.employee.testcases.TC001_GET_All_Employees" time="0.028">
    <system-out><![CDATA[2022-11-28 19:55:48 INFO  EmployeeRestAPI:15 -  $$ Started TC001 Get All Employees API $$ 
  2022-11-28 19:55:50 INFO  EmployeeRestAPI:23 -  $$ Checking Response body $$ 
  2022-11-28 19:55:50 INFO  EmployeeRestAPI:26 - Response body==> {"status":"success","data":[{"id":1,"employee_name":"Tiger Nixon","employee_salary":320800,"employee_age":61,"profile_image":""},{"id":2,"employee_name":"Garrett Winters","employee_salary":170750,"employee_age":63,"profile_image":""},{"id":3,"employee_name":"Ashton Cox","employee_salary":86000,"employee_age":66,"profile_image":""},{"id":4,"employee_name":"Cedric Kelly","employee_salary":433060,"employee_age":22,"profile_image":""},{"id":5,"employee_name":"Airi Satou","employee_salary":162700,"employee_age":33,"profile_image":""},{"id":6,"employee_name":"Brielle Williamson","employee_salary":372000,"employee_age":61,"profile_image":""},{"id":7,"employee_name":"Herrod Chandler","employee_salary":137500,"employee_age":59,"profile_image":""},{"id":8,"employee_name":"Rhona Davidson","employee_salary":327900,"employee_age":55,"profile_image":""},{"id":9,"employee_name":"Colleen Hurst","employee_salary":205500,"employee_age":39,"profile_image":""},{"id":10,"employee_name":"Sonya Frost","employee_salary":103600,"employee_age":23,"profile_image":""},{"id":11,"employee_name":"Jena Gaines","employee_salary":90560,"employee_age":30,"profile_image":""},{"id":12,"employee_name":"Quinn Flynn","employee_salary":342000,"employee_age":22,"profile_image":""},{"id":13,"employee_name":"Charde Marshall","employee_salary":470600,"employee_age":36,"profile_image":""},{"id":14,"employee_name":"Haley Kennedy","employee_salary":313500,"employee_age":43,"profile_image":""},{"id":15,"employee_name":"Tatyana Fitzpatrick","employee_salary":385750,"employee_age":19,"profile_image":""},{"id":16,"employee_name":"Michael Silva","employee_salary":198500,"employee_age":66,"profile_image":""},{"id":17,"employee_name":"Paul Byrd","employee_salary":725000,"employee_age":64,"profile_image":""},{"id":18,"employee_name":"Gloria Little","employee_salary":237500,"employee_age":59,"profile_image":""},{"id":19,"employee_name":"Bradley Greer","employee_salary":132000,"employee_age":41,"profile_image":""},{"id":20,"employee_name":"Dai Rios","employee_salary":217500,"employee_age":35,"profile_image":""},{"id":21,"employee_name":"Jenette Caldwell","employee_salary":345000,"employee_age":30,"profile_image":""},{"id":22,"employee_name":"Yuri Berry","employee_salary":675000,"employee_age":40,"profile_image":""},{"id":23,"employee_name":"Caesar Vance","employee_salary":106450,"employee_age":21,"profile_image":""},{"id":24,"employee_name":"Doris Wilder","employee_salary":85600,"employee_age":23,"profile_image":""}],"message":"Successfully! All records has been fetched."}
  ]]></system-out>
    <system-err><![CDATA[SLF4J: Failed to load class "org.slf4j.impl.StaticLoggerBinder".
SLF4J: Defaulting to no-operation (NOP) logger implementation
SLF4J: See http://www.slf4j.org/codes.html#StaticLoggerBinder for further details.
]]></system-err>
  </testcase>
  <testcase name="checkStatusCode" classname="com.employee.testcases.TC001_GET_All_Employees" time="0.002">
    <system-out><![CDATA[2022-11-28 19:55:50 INFO  EmployeeRestAPI:32 -  $$ Checking Status Code $$ 
  2022-11-28 19:55:50 INFO  EmployeeRestAPI:35 - Status Code==> 200
  ]]></system-out>
  </testcase>
  <testcase name="checkResponseTime" classname="com.employee.testcases.TC001_GET_All_Employees" time="0.003">
    <system-out><![CDATA[2022-11-28 19:55:50 INFO  EmployeeRestAPI:41 -  $$ Checking Response Time $$ 
  2022-11-28 19:55:50 INFO  EmployeeRestAPI:44 - Response Time==> 1913
  ]]></system-out>
  </testcase>
  <testcase name="checkStatusline" classname="com.employee.testcases.TC001_GET_All_Employees" time="0.002">
    <system-out><![CDATA[2022-11-28 19:55:50 INFO  EmployeeRestAPI:52 -  $$ Checking Status Line $$ 
  2022-11-28 19:55:50 INFO  EmployeeRestAPI:55 - Status Line==> HTTP/1.1 200 OK
  ]]></system-out>
  </testcase>
  <testcase name="checkContentType" classname="com.employee.testcases.TC001_GET_All_Employees" time="0.002">
    <system-out><![CDATA[2022-11-28 19:55:50 INFO  EmployeeRestAPI:61 -  $$ Checking Content Type $$ 
  2022-11-28 19:55:50 INFO  EmployeeRestAPI:64 - Content Type==> application/json
  ]]></system-out>
  </testcase>
  <testcase name="checkServerType" classname="com.employee.testcases.TC001_GET_All_Employees" time="0.002">
    <system-out><![CDATA[2022-11-28 19:55:50 INFO  EmployeeRestAPI:70 -  $$ Checking Server Type $$ 
  2022-11-28 19:55:50 INFO  EmployeeRestAPI:73 - Server Type==> nginx/1.21.6
  ]]></system-out>
  </testcase>
  <testcase name="postemployee[John wYeuJ, 12721, 85](1)" classname="com.employee.testcases.TC005_PUT_Update_Employee_Record" time="1.108">
    <system-out><![CDATA[2022-11-28 19:55:50 INFO  EmployeeRestAPI:79 -  $$ Finished TC001 Get All Employees API $$
  2022-11-28 19:55:50 INFO  EmployeeRestAPI:22 - $$ Started TC005 Update Employee Record $$
  ]]></system-out>
  </testcase>
  <testcase name="checkResponsebody" classname="com.employee.testcases.TC005_PUT_Update_Employee_Record" time="0.003">
    <system-out><![CDATA[2022-11-28 19:55:51 INFO  EmployeeRestAPI:40 - Response body==> {"status":"success","data":{"Salary":"12721","name":"John wYeuJ","age":"85"},"message":"Successfully! Record has been updated."}
  ]]></system-out>
  </testcase>
  <testcase name="checkStatusCode" classname="com.employee.testcases.TC005_PUT_Update_Employee_Record" time="0">
    <system-out><![CDATA[2022-11-28 19:55:51 INFO  EmployeeRestAPI:49 - Status Code==> 200
  ]]></system-out>
  </testcase>
  <testcase name="checkResponseTime" classname="com.employee.testcases.TC005_PUT_Update_Employee_Record" time="0.001">
    <system-out><![CDATA[2022-11-28 19:55:51 INFO  EmployeeRestAPI:57 - Response Time==> 1093
  ]]></system-out>
  </testcase>
  <testcase name="checkStatusline" classname="com.employee.testcases.TC005_PUT_Update_Employee_Record" time="0.001">
    <system-out><![CDATA[2022-11-28 19:55:51 INFO  EmployeeRestAPI:67 - Status Line==> HTTP/1.1 200 OK
  ]]></system-out>
  </testcase>
  <testcase name="checkContentType" classname="com.employee.testcases.TC005_PUT_Update_Employee_Record" time="0.001">
    <system-out><![CDATA[2022-11-28 19:55:51 INFO  EmployeeRestAPI:75 - Content Type==> application/json
  ]]></system-out>
  </testcase>
  <testcase name="checkContentLength" classname="com.employee.testcases.TC005_PUT_Update_Employee_Record" time="0.001">
    <system-out><![CDATA[2022-11-28 19:55:51 INFO  EmployeeRestAPI:83 - Content Length==> 128
  ]]></system-out>
  </testcase>
  <testcase name="checkResponsebody" classname="com.employee.testcases.TC006_DELETE_Employee_Record" time="0.01">
    <system-out><![CDATA[2022-11-28 19:55:51 INFO  EmployeeRestAPI:100 - $$ Finished TC003 Update Employee Record $$
  2022-11-28 19:55:51 INFO  EmployeeRestAPI:18 - $$ Started TC006 Delete Employee Record $$
  2022-11-28 19:55:53 INFO  EmployeeRestAPI:32 - Response body==> <!DOCTYPE html>
<html>
<head>
    <meta charset="UTF-8" />
    <meta name="robots" content="noindex,nofollow,noarchive" />
    <title>An Error Occurred: Method Not Allowed</title>
    <style>body { background-color: #fff; color: #222; font: 16px/1.5 -apple-system, BlinkMacSystemFont, "Segoe UI", Roboto, "Helvetica Neue", Arial, sans-serif; margin: 0; }
.container { margin: 30px; max-width: 600px; }
h1 { color: #dc3545; font-size: 24px; }
h2 { font-size: 18px; }</style>
</head>
<body>
<div class="container">
    <h1>Oops! An Error Occurred</h1>
    <h2>The server returned a "405 Method Not Allowed".</h2>

    <p>
        Something is broken. Please let us know what you were doing when this error occurred.
        We will fix it as soon as possible. Sorry for any inconvenience caused.
    </p>
</div>
</body>
</html>
  ]]></system-out>
  </testcase>
  <testcase name="checkStatusCode" classname="com.employee.testcases.TC006_DELETE_Employee_Record" time="0.009">
    <failure message="expected [200] but found [405]" type="java.lang.AssertionError"><![CDATA[java.lang.AssertionError: expected [200] but found [405]
	at org.testng.Assert.fail(Assert.java:110)
	at org.testng.Assert.failNotEquals(Assert.java:1413)
	at org.testng.Assert.assertEqualsImpl(Assert.java:149)
	at org.testng.Assert.assertEquals(Assert.java:131)
	at org.testng.Assert.assertEquals(Assert.java:1240)
	at org.testng.Assert.assertEquals(Assert.java:1274)
	at com.employee.testcases.TC006_DELETE_Employee_Record.checkStatusCode(TC006_DELETE_Employee_Record.java:42)
	at java.base/jdk.internal.reflect.NativeMethodAccessorImpl.invoke0(Native Method)
	at java.base/jdk.internal.reflect.NativeMethodAccessorImpl.invoke(NativeMethodAccessorImpl.java:77)
	at java.base/jdk.internal.reflect.DelegatingMethodAccessorImpl.invoke(DelegatingMethodAccessorImpl.java:43)
	at java.base/java.lang.reflect.Method.invoke(Method.java:568)
	at org.testng.internal.invokers.MethodInvocationHelper.invokeMethod(MethodInvocationHelper.java:139)
	at org.testng.internal.invokers.TestInvoker.invokeMethod(TestInvoker.java:677)
	at org.testng.internal.invokers.TestInvoker.invokeTestMethod(TestInvoker.java:221)
	at org.testng.internal.invokers.MethodRunner.runInSequence(MethodRunner.java:50)
	at org.testng.internal.invokers.TestInvoker$MethodInvocationAgent.invoke(TestInvoker.java:962)
	at org.testng.internal.invokers.TestInvoker.invokeTestMethods(TestInvoker.java:194)
	at org.testng.internal.invokers.TestMethodWorker.invokeTestMethods(TestMethodWorker.java:148)
	at org.testng.internal.invokers.TestMethodWorker.run(TestMethodWorker.java:128)
	at java.base/java.util.ArrayList.forEach(ArrayList.java:1511)
	at org.testng.TestRunner.privateRun(TestRunner.java:806)
	at org.testng.TestRunner.run(TestRunner.java:601)
	at org.testng.SuiteRunner.runTest(SuiteRunner.java:433)
	at org.testng.SuiteRunner.runSequentially(SuiteRunner.java:427)
	at org.testng.SuiteRunner.privateRun(SuiteRunner.java:387)
	at org.testng.SuiteRunner.run(SuiteRunner.java:330)
	at org.testng.SuiteRunnerWorker.runSuite(SuiteRunnerWorker.java:52)
	at org.testng.SuiteRunnerWorker.run(SuiteRunnerWorker.java:95)
	at org.testng.TestNG.runSuitesSequentially(TestNG.java:1256)
	at org.testng.TestNG.runSuitesLocally(TestNG.java:1176)
	at org.testng.TestNG.runSuites(TestNG.java:1099)
	at org.testng.TestNG.run(TestNG.java:1067)
	at org.apache.maven.surefire.testng.TestNGExecutor.run(TestNGExecutor.java:324)
	at org.apache.maven.surefire.testng.TestNGXmlTestSuite.execute(TestNGXmlTestSuite.java:74)
	at org.apache.maven.surefire.testng.TestNGProvider.invoke(TestNGProvider.java:123)
	at org.apache.maven.surefire.booter.ForkedBooter.runSuitesInProcess(ForkedBooter.java:456)
	at org.apache.maven.surefire.booter.ForkedBooter.execute(ForkedBooter.java:169)
	at org.apache.maven.surefire.booter.ForkedBooter.run(ForkedBooter.java:595)
	at org.apache.maven.surefire.booter.ForkedBooter.main(ForkedBooter.java:581)
]]></failure>
    <system-out><![CDATA[2022-11-28 19:55:53 INFO  EmployeeRestAPI:41 - Status Code==> 405
  ]]></system-out>
  </testcase>
  <testcase name="checkResponseTime" classname="com.employee.testcases.TC006_DELETE_Employee_Record" time="0.001">
    <system-out><![CDATA[2022-11-28 19:55:53 INFO  EmployeeRestAPI:49 - Response Time==> 1150
  ]]></system-out>
  </testcase>
  <testcase name="checkResponsebody" classname="com.employee.testcases.TC002_GET_Single_Employee_Details" time="0.001">
    <system-out><![CDATA[2022-11-28 19:55:53 INFO  EmployeeRestAPI:57 - $$ Finished TC006 Delete Employee Record $$
  2022-11-28 19:55:53 INFO  EmployeeRestAPI:15 -  $$ Started TC002 Get Single Employee ID $$
  2022-11-28 19:55:54 INFO  EmployeeRestAPI:25 - Response body==> <!DOCTYPE html>
<html lang="en">
    <head>
        <meta charset="utf-8">
        <meta name="viewport" content="width=device-width, initial-scale=1">

        <title>Too Many Requests</title>

        <!-- Fonts -->
        <link rel="dns-prefetch" href="//fonts.gstatic.com">
        <link href="https://fonts.googleapis.com/css?family=Nunito" rel="stylesheet">

        <!-- Styles -->
        <style>
            html, body {
                background-color: #fff;
                color: #636b6f;
                font-family: 'Nunito', sans-serif;
                font-weight: 100;
                height: 100vh;
                margin: 0;
            }

            .full-height {
                height: 100vh;
            }

            .flex-center {
                align-items: center;
                display: flex;
                justify-content: center;
            }

            .position-ref {
                position: relative;
            }

            .code {
                border-right: 2px solid;
                font-size: 26px;
                padding: 0 15px 0 15px;
                text-align: center;
            }

            .message {
                font-size: 18px;
                text-align: center;
            }
        </style>
    </head>
    <body>
        <div class="flex-center position-ref full-height">
            <div class="code">
                429            </div>

            <div class="message" style="padding: 10px;">
                Too Many Requests            </div>
        </div>
    </body>
</html>

  ]]></system-out>
  </testcase>
  <testcase name="checkStatusCode" classname="com.employee.testcases.TC002_GET_Single_Employee_Details" time="0.002">
    <failure message="expected [200] but found [429]" type="java.lang.AssertionError"><![CDATA[java.lang.AssertionError: expected [200] but found [429]
	at org.testng.Assert.fail(Assert.java:110)
	at org.testng.Assert.failNotEquals(Assert.java:1413)
	at org.testng.Assert.assertEqualsImpl(Assert.java:149)
	at org.testng.Assert.assertEquals(Assert.java:131)
	at org.testng.Assert.assertEquals(Assert.java:1240)
	at org.testng.Assert.assertEquals(Assert.java:1274)
	at com.employee.testcases.TC002_GET_Single_Employee_Details.checkStatusCode(TC002_GET_Single_Employee_Details.java:35)
	at java.base/jdk.internal.reflect.NativeMethodAccessorImpl.invoke0(Native Method)
	at java.base/jdk.internal.reflect.NativeMethodAccessorImpl.invoke(NativeMethodAccessorImpl.java:77)
	at java.base/jdk.internal.reflect.DelegatingMethodAccessorImpl.invoke(DelegatingMethodAccessorImpl.java:43)
	at java.base/java.lang.reflect.Method.invoke(Method.java:568)
	at org.testng.internal.invokers.MethodInvocationHelper.invokeMethod(MethodInvocationHelper.java:139)
	at org.testng.internal.invokers.TestInvoker.invokeMethod(TestInvoker.java:677)
	at org.testng.internal.invokers.TestInvoker.invokeTestMethod(TestInvoker.java:221)
	at org.testng.internal.invokers.MethodRunner.runInSequence(MethodRunner.java:50)
	at org.testng.internal.invokers.TestInvoker$MethodInvocationAgent.invoke(TestInvoker.java:962)
	at org.testng.internal.invokers.TestInvoker.invokeTestMethods(TestInvoker.java:194)
	at org.testng.internal.invokers.TestMethodWorker.invokeTestMethods(TestMethodWorker.java:148)
	at org.testng.internal.invokers.TestMethodWorker.run(TestMethodWorker.java:128)
	at java.base/java.util.ArrayList.forEach(ArrayList.java:1511)
	at org.testng.TestRunner.privateRun(TestRunner.java:806)
	at org.testng.TestRunner.run(TestRunner.java:601)
	at org.testng.SuiteRunner.runTest(SuiteRunner.java:433)
	at org.testng.SuiteRunner.runSequentially(SuiteRunner.java:427)
	at org.testng.SuiteRunner.privateRun(SuiteRunner.java:387)
	at org.testng.SuiteRunner.run(SuiteRunner.java:330)
	at org.testng.SuiteRunnerWorker.runSuite(SuiteRunnerWorker.java:52)
	at org.testng.SuiteRunnerWorker.run(SuiteRunnerWorker.java:95)
	at org.testng.TestNG.runSuitesSequentially(TestNG.java:1256)
	at org.testng.TestNG.runSuitesLocally(TestNG.java:1176)
	at org.testng.TestNG.runSuites(TestNG.java:1099)
	at org.testng.TestNG.run(TestNG.java:1067)
	at org.apache.maven.surefire.testng.TestNGExecutor.run(TestNGExecutor.java:324)
	at org.apache.maven.surefire.testng.TestNGXmlTestSuite.execute(TestNGXmlTestSuite.java:74)
	at org.apache.maven.surefire.testng.TestNGProvider.invoke(TestNGProvider.java:123)
	at org.apache.maven.surefire.booter.ForkedBooter.runSuitesInProcess(ForkedBooter.java:456)
	at org.apache.maven.surefire.booter.ForkedBooter.execute(ForkedBooter.java:169)
	at org.apache.maven.surefire.booter.ForkedBooter.run(ForkedBooter.java:595)
	at org.apache.maven.surefire.booter.ForkedBooter.main(ForkedBooter.java:581)
]]></failure>
    <system-out><![CDATA[2022-11-28 19:55:54 INFO  EmployeeRestAPI:34 - Status Code==> 429
  ]]></system-out>
  </testcase>
  <testcase name="checkResponseTime" classname="com.employee.testcases.TC002_GET_Single_Employee_Details" time="0.002">
    <system-out><![CDATA[2022-11-28 19:55:54 INFO  EmployeeRestAPI:42 - Response Time==> 1138
  ]]></system-out>
  </testcase>
  <testcase name="checkStatusline" classname="com.employee.testcases.TC002_GET_Single_Employee_Details" time="0.002">
    <failure message="expected [HTTP/1.1 200 OK] but found [HTTP/1.1 429 Too Many Requests]" type="java.lang.AssertionError"><![CDATA[java.lang.AssertionError: expected [HTTP/1.1 200 OK] but found [HTTP/1.1 429 Too Many Requests]
	at org.testng.Assert.fail(Assert.java:110)
	at org.testng.Assert.failNotEquals(Assert.java:1413)
	at org.testng.Assert.assertEqualsImpl(Assert.java:149)
	at org.testng.Assert.assertEquals(Assert.java:131)
	at org.testng.Assert.assertEquals(Assert.java:655)
	at org.testng.Assert.assertEquals(Assert.java:665)
	at com.employee.testcases.TC002_GET_Single_Employee_Details.checkStatusline(TC002_GET_Single_Employee_Details.java:53)
	at java.base/jdk.internal.reflect.NativeMethodAccessorImpl.invoke0(Native Method)
	at java.base/jdk.internal.reflect.NativeMethodAccessorImpl.invoke(NativeMethodAccessorImpl.java:77)
	at java.base/jdk.internal.reflect.DelegatingMethodAccessorImpl.invoke(DelegatingMethodAccessorImpl.java:43)
	at java.base/java.lang.reflect.Method.invoke(Method.java:568)
	at org.testng.internal.invokers.MethodInvocationHelper.invokeMethod(MethodInvocationHelper.java:139)
	at org.testng.internal.invokers.TestInvoker.invokeMethod(TestInvoker.java:677)
	at org.testng.internal.invokers.TestInvoker.invokeTestMethod(TestInvoker.java:221)
	at org.testng.internal.invokers.MethodRunner.runInSequence(MethodRunner.java:50)
	at org.testng.internal.invokers.TestInvoker$MethodInvocationAgent.invoke(TestInvoker.java:962)
	at org.testng.internal.invokers.TestInvoker.invokeTestMethods(TestInvoker.java:194)
	at org.testng.internal.invokers.TestMethodWorker.invokeTestMethods(TestMethodWorker.java:148)
	at org.testng.internal.invokers.TestMethodWorker.run(TestMethodWorker.java:128)
	at java.base/java.util.ArrayList.forEach(ArrayList.java:1511)
	at org.testng.TestRunner.privateRun(TestRunner.java:806)
	at org.testng.TestRunner.run(TestRunner.java:601)
	at org.testng.SuiteRunner.runTest(SuiteRunner.java:433)
	at org.testng.SuiteRunner.runSequentially(SuiteRunner.java:427)
	at org.testng.SuiteRunner.privateRun(SuiteRunner.java:387)
	at org.testng.SuiteRunner.run(SuiteRunner.java:330)
	at org.testng.SuiteRunnerWorker.runSuite(SuiteRunnerWorker.java:52)
	at org.testng.SuiteRunnerWorker.run(SuiteRunnerWorker.java:95)
	at org.testng.TestNG.runSuitesSequentially(TestNG.java:1256)
	at org.testng.TestNG.runSuitesLocally(TestNG.java:1176)
	at org.testng.TestNG.runSuites(TestNG.java:1099)
	at org.testng.TestNG.run(TestNG.java:1067)
	at org.apache.maven.surefire.testng.TestNGExecutor.run(TestNGExecutor.java:324)
	at org.apache.maven.surefire.testng.TestNGXmlTestSuite.execute(TestNGXmlTestSuite.java:74)
	at org.apache.maven.surefire.testng.TestNGProvider.invoke(TestNGProvider.java:123)
	at org.apache.maven.surefire.booter.ForkedBooter.runSuitesInProcess(ForkedBooter.java:456)
	at org.apache.maven.surefire.booter.ForkedBooter.execute(ForkedBooter.java:169)
	at org.apache.maven.surefire.booter.ForkedBooter.run(ForkedBooter.java:595)
	at org.apache.maven.surefire.booter.ForkedBooter.main(ForkedBooter.java:581)
]]></failure>
    <system-out><![CDATA[2022-11-28 19:55:54 INFO  EmployeeRestAPI:52 - Status Line==> HTTP/1.1 429 Too Many Requests
  ]]></system-out>
  </testcase>
  <testcase name="checkContentType" classname="com.employee.testcases.TC002_GET_Single_Employee_Details" time="0.001">
    <failure message="expected [application/json] but found [text/html; charset=UTF-8]" type="java.lang.AssertionError"><![CDATA[java.lang.AssertionError: expected [application/json] but found [text/html; charset=UTF-8]
	at org.testng.Assert.fail(Assert.java:110)
	at org.testng.Assert.failNotEquals(Assert.java:1413)
	at org.testng.Assert.assertEqualsImpl(Assert.java:149)
	at org.testng.Assert.assertEquals(Assert.java:131)
	at org.testng.Assert.assertEquals(Assert.java:655)
	at org.testng.Assert.assertEquals(Assert.java:665)
	at com.employee.testcases.TC002_GET_Single_Employee_Details.checkContentType(TC002_GET_Single_Employee_Details.java:61)
	at java.base/jdk.internal.reflect.NativeMethodAccessorImpl.invoke0(Native Method)
	at java.base/jdk.internal.reflect.NativeMethodAccessorImpl.invoke(NativeMethodAccessorImpl.java:77)
	at java.base/jdk.internal.reflect.DelegatingMethodAccessorImpl.invoke(DelegatingMethodAccessorImpl.java:43)
	at java.base/java.lang.reflect.Method.invoke(Method.java:568)
	at org.testng.internal.invokers.MethodInvocationHelper.invokeMethod(MethodInvocationHelper.java:139)
	at org.testng.internal.invokers.TestInvoker.invokeMethod(TestInvoker.java:677)
	at org.testng.internal.invokers.TestInvoker.invokeTestMethod(TestInvoker.java:221)
	at org.testng.internal.invokers.MethodRunner.runInSequence(MethodRunner.java:50)
	at org.testng.internal.invokers.TestInvoker$MethodInvocationAgent.invoke(TestInvoker.java:962)
	at org.testng.internal.invokers.TestInvoker.invokeTestMethods(TestInvoker.java:194)
	at org.testng.internal.invokers.TestMethodWorker.invokeTestMethods(TestMethodWorker.java:148)
	at org.testng.internal.invokers.TestMethodWorker.run(TestMethodWorker.java:128)
	at java.base/java.util.ArrayList.forEach(ArrayList.java:1511)
	at org.testng.TestRunner.privateRun(TestRunner.java:806)
	at org.testng.TestRunner.run(TestRunner.java:601)
	at org.testng.SuiteRunner.runTest(SuiteRunner.java:433)
	at org.testng.SuiteRunner.runSequentially(SuiteRunner.java:427)
	at org.testng.SuiteRunner.privateRun(SuiteRunner.java:387)
	at org.testng.SuiteRunner.run(SuiteRunner.java:330)
	at org.testng.SuiteRunnerWorker.runSuite(SuiteRunnerWorker.java:52)
	at org.testng.SuiteRunnerWorker.run(SuiteRunnerWorker.java:95)
	at org.testng.TestNG.runSuitesSequentially(TestNG.java:1256)
	at org.testng.TestNG.runSuitesLocally(TestNG.java:1176)
	at org.testng.TestNG.runSuites(TestNG.java:1099)
	at org.testng.TestNG.run(TestNG.java:1067)
	at org.apache.maven.surefire.testng.TestNGExecutor.run(TestNGExecutor.java:324)
	at org.apache.maven.surefire.testng.TestNGXmlTestSuite.execute(TestNGXmlTestSuite.java:74)
	at org.apache.maven.surefire.testng.TestNGProvider.invoke(TestNGProvider.java:123)
	at org.apache.maven.surefire.booter.ForkedBooter.runSuitesInProcess(ForkedBooter.java:456)
	at org.apache.maven.surefire.booter.ForkedBooter.execute(ForkedBooter.java:169)
	at org.apache.maven.surefire.booter.ForkedBooter.run(ForkedBooter.java:595)
	at org.apache.maven.surefire.booter.ForkedBooter.main(ForkedBooter.java:581)
]]></failure>
    <system-out><![CDATA[2022-11-28 19:55:54 INFO  EmployeeRestAPI:60 - Content Type==> text/html; charset=UTF-8
  ]]></system-out>
  </testcase>
  <testcase name="checkContentLength" classname="com.employee.testcases.TC002_GET_Single_Employee_Details" time="0.002">
    <failure message="Cannot parse null string" type="java.lang.NumberFormatException"><![CDATA[java.lang.NumberFormatException: Cannot parse null string
	at java.base/java.lang.Integer.parseInt(Integer.java:630)
	at java.base/java.lang.Integer.parseInt(Integer.java:786)
	at com.employee.testcases.TC002_GET_Single_Employee_Details.checkContentLength(TC002_GET_Single_Employee_Details.java:69)
	at java.base/jdk.internal.reflect.NativeMethodAccessorImpl.invoke0(Native Method)
	at java.base/jdk.internal.reflect.NativeMethodAccessorImpl.invoke(NativeMethodAccessorImpl.java:77)
	at java.base/jdk.internal.reflect.DelegatingMethodAccessorImpl.invoke(DelegatingMethodAccessorImpl.java:43)
	at java.base/java.lang.reflect.Method.invoke(Method.java:568)
	at org.testng.internal.invokers.MethodInvocationHelper.invokeMethod(MethodInvocationHelper.java:139)
	at org.testng.internal.invokers.TestInvoker.invokeMethod(TestInvoker.java:677)
	at org.testng.internal.invokers.TestInvoker.invokeTestMethod(TestInvoker.java:221)
	at org.testng.internal.invokers.MethodRunner.runInSequence(MethodRunner.java:50)
	at org.testng.internal.invokers.TestInvoker$MethodInvocationAgent.invoke(TestInvoker.java:962)
	at org.testng.internal.invokers.TestInvoker.invokeTestMethods(TestInvoker.java:194)
	at org.testng.internal.invokers.TestMethodWorker.invokeTestMethods(TestMethodWorker.java:148)
	at org.testng.internal.invokers.TestMethodWorker.run(TestMethodWorker.java:128)
	at java.base/java.util.ArrayList.forEach(ArrayList.java:1511)
	at org.testng.TestRunner.privateRun(TestRunner.java:806)
	at org.testng.TestRunner.run(TestRunner.java:601)
	at org.testng.SuiteRunner.runTest(SuiteRunner.java:433)
	at org.testng.SuiteRunner.runSequentially(SuiteRunner.java:427)
	at org.testng.SuiteRunner.privateRun(SuiteRunner.java:387)
	at org.testng.SuiteRunner.run(SuiteRunner.java:330)
	at org.testng.SuiteRunnerWorker.runSuite(SuiteRunnerWorker.java:52)
	at org.testng.SuiteRunnerWorker.run(SuiteRunnerWorker.java:95)
	at org.testng.TestNG.runSuitesSequentially(TestNG.java:1256)
	at org.testng.TestNG.runSuitesLocally(TestNG.java:1176)
	at org.testng.TestNG.runSuites(TestNG.java:1099)
	at org.testng.TestNG.run(TestNG.java:1067)
	at org.apache.maven.surefire.testng.TestNGExecutor.run(TestNGExecutor.java:324)
	at org.apache.maven.surefire.testng.TestNGXmlTestSuite.execute(TestNGXmlTestSuite.java:74)
	at org.apache.maven.surefire.testng.TestNGProvider.invoke(TestNGProvider.java:123)
	at org.apache.maven.surefire.booter.ForkedBooter.runSuitesInProcess(ForkedBooter.java:456)
	at org.apache.maven.surefire.booter.ForkedBooter.execute(ForkedBooter.java:169)
	at org.apache.maven.surefire.booter.ForkedBooter.run(ForkedBooter.java:595)
	at org.apache.maven.surefire.booter.ForkedBooter.main(ForkedBooter.java:581)
]]></failure>
    <system-out><![CDATA[2022-11-28 19:55:54 INFO  EmployeeRestAPI:68 - Server Type==> null
  ]]></system-out>
  </testcase>
  <testcase name="postemployee[Johnny, 30000, 25](1)" classname="com.employee.testcases.TC003_POST_Employee_Record" time="1.201">
    <system-out><![CDATA[2022-11-28 19:55:54 INFO  EmployeeRestAPI:74 -  $$ Finished TC002 Get Single Employee detail $$
  2022-11-28 19:55:54 INFO  EmployeeRestAPI:20 - $$ Started TC003 Post Employee Record $$
  ]]></system-out>
    <system-err><![CDATA[ERROR StatusLogger Log4j2 could not find a logging implementation. Please add log4j-core to the classpath. Using SimpleLogger to log to the console...
]]></system-err>
  </testcase>
  <testcase name="postemployee[Steve, 40000, 24](2)" classname="com.employee.testcases.TC003_POST_Employee_Record" time="1.036">
    <system-out><![CDATA[2022-11-28 19:55:56 INFO  EmployeeRestAPI:20 - $$ Started TC003 Post Employee Record $$
  ]]></system-out>
  </testcase>
  <testcase name="postemployee[Harley, 70000, 21](3)" classname="com.employee.testcases.TC003_POST_Employee_Record" time="1.073">
    <system-out><![CDATA[2022-11-28 19:55:57 INFO  EmployeeRestAPI:20 - $$ Started TC003 Post Employee Record $$
  ]]></system-out>
  </testcase>
  <testcase name="postemployee[ Cena, 80000, 35](4)" classname="com.employee.testcases.TC003_POST_Employee_Record" time="1.099">
    <system-out><![CDATA[2022-11-28 19:55:58 INFO  EmployeeRestAPI:20 - $$ Started TC003 Post Employee Record $$
  ]]></system-out>
  </testcase>
  <testcase name="checkResponsebody" classname="com.employee.testcases.TC003_POST_Employee_Record" time="0.003">
    <system-out><![CDATA[2022-11-28 19:55:59 INFO  EmployeeRestAPI:38 - Response body==> {"status":"success","data":{"Salary":"80000","name":"Cena","age":"35","id":8287},"message":"Successfully! Record has been added."}
  ]]></system-out>
  </testcase>
  <testcase name="checkStatusCode" classname="com.employee.testcases.TC003_POST_Employee_Record" time="0.001">
    <system-out><![CDATA[2022-11-28 19:55:59 INFO  EmployeeRestAPI:47 - Status Code==> 200
  ]]></system-out>
  </testcase>
  <testcase name="checkResponseTime" classname="com.employee.testcases.TC003_POST_Employee_Record" time="0.001">
    <system-out><![CDATA[2022-11-28 19:55:59 INFO  EmployeeRestAPI:55 - Response Time==> 1093
  ]]></system-out>
  </testcase>
  <testcase name="checkStatusline" classname="com.employee.testcases.TC003_POST_Employee_Record" time="0.002">
    <system-out><![CDATA[2022-11-28 19:55:59 INFO  EmployeeRestAPI:65 - Status Line==> HTTP/1.1 200 OK
  ]]></system-out>
  </testcase>
  <testcase name="checkContentType" classname="com.employee.testcases.TC003_POST_Employee_Record" time="0.012">
    <system-out><![CDATA[2022-11-28 19:55:59 INFO  EmployeeRestAPI:73 - Content Type==> application/json
  ]]></system-out>
  </testcase>
  <testcase name="checkContentLength" classname="com.employee.testcases.TC003_POST_Employee_Record" time="0.001">
    <system-out><![CDATA[2022-11-28 19:55:59 INFO  EmployeeRestAPI:81 - Content Length==> 130
  ]]></system-out>
  </testcase>
  <testcase name="postemployee[John cBYSK, 24520, 82](1)" classname="com.employee.testcases.TC004_POST_Employee_Record_with_Random_data" time="1.179">
    <system-out><![CDATA[2022-11-28 19:55:59 INFO  EmployeeRestAPI:106 - $$ Finished TC003 POST Employee Record $$
  2022-11-28 19:55:59 INFO  EmployeeRestAPI:19 - $$ Started TC004 Post Employee Record $$
  ]]></system-out>
  </testcase>
  <testcase name="checkResponsebody" classname="com.employee.testcases.TC004_POST_Employee_Record_with_Random_data" time="0.002">
    <system-out><![CDATA[2022-11-28 19:56:00 INFO  EmployeeRestAPI:37 - Response body==> {"status":"success","data":{"Salary":"24520","name":"John cBYSK","age":"82","id":6991},"message":"Successfully! Record has been added."}
  ]]></system-out>
  </testcase>
  <testcase name="checkStatusCode" classname="com.employee.testcases.TC004_POST_Employee_Record_with_Random_data" time="0.001">
    <system-out><![CDATA[2022-11-28 19:56:00 INFO  EmployeeRestAPI:46 - Status Code==> 200
  ]]></system-out>
  </testcase>
  <testcase name="checkResponseTime" classname="com.employee.testcases.TC004_POST_Employee_Record_with_Random_data" time="0">
    <system-out><![CDATA[2022-11-28 19:56:00 INFO  EmployeeRestAPI:54 - Response Time==> 1175
  ]]></system-out>
  </testcase>
  <testcase name="checkStatusline" classname="com.employee.testcases.TC004_POST_Employee_Record_with_Random_data" time="0.001">
    <system-out><![CDATA[2022-11-28 19:56:00 INFO  EmployeeRestAPI:64 - Status Line==> HTTP/1.1 200 OK
  ]]></system-out>
  </testcase>
  <testcase name="checkContentType" classname="com.employee.testcases.TC004_POST_Employee_Record_with_Random_data" time="0.001">
    <system-out><![CDATA[2022-11-28 19:56:00 INFO  EmployeeRestAPI:72 - Content Type==> application/json
  ]]></system-out>
  </testcase>
  <testcase name="checkContentLength" classname="com.employee.testcases.TC004_POST_Employee_Record_with_Random_data" time="0.001">
    <system-out><![CDATA[2022-11-28 19:56:00 INFO  EmployeeRestAPI:80 - Content Length==> 136
  ]]></system-out>
  </testcase>
</testsuite>